Line 118: Class MSFlexGridLib.MSFlexGrid of control MSGrid was not a loaded control class.
Line 124: The property name _ExtentX in MSGrid is invalid.
Line 125: The property name _ExtentY in MSGrid is invalid.
Line 126: The property name _Version in MSGrid is invalid.
Line 127: The property name Cols in MSGrid is invalid.
Line 128: The property name FixedCols in MSGrid is invalid.
Line 129: The property name BackColorFixed in MSGrid is invalid.
Line 130: The property name AllowUserResizing in MSGrid is invalid.
Line 131: The property name FormatString in MSGrid is invalid.
Line 124: The property name _ExtentX in MSGrid is invalid.
Line 125: The property name _ExtentY in MSGrid is invalid.
Line 126: The property name _Version in MSGrid is invalid.
Line 127: The property name Cols in MSGrid is invalid.
Line 128: The property name FixedCols in MSGrid is invalid.
Line 129: The property name BackColorFixed in MSGrid is invalid.
Line 130: The property name AllowUserResizing in MSGrid is invalid.
Line 131: The property name FormatString in MSGrid is invalid.
Line 124: The property name _ExtentX in MSGrid is invalid.
Line 125: The property name _ExtentY in MSGrid is invalid.
Line 126: The property name _Version in MSGrid is invalid.
Line 127: The property name Cols in MSGrid is invalid.
Line 128: The property name FixedCols in MSGrid is invalid.
Line 129: The property name BackColorFixed in MSGrid is invalid.
Line 130: The property name AllowUserResizing in MSGrid is invalid.
Line 131: The property name FormatString in MSGrid is invalid.
Line 124: The property name _ExtentX in MSGrid is invalid.
Line 125: The property name _ExtentY in MSGrid is invalid.
Line 126: The property name _Version in MSGrid is invalid.
Line 127: The property name Cols in MSGrid is invalid.
Line 128: The property name FixedCols in MSGrid is invalid.
Line 129: The property name BackColorFixed in MSGrid is invalid.
Line 130: The property name AllowUserResizing in MSGrid is invalid.
Line 131: The property name FormatString in MSGrid is invalid.
