Line 44: Property MICON in BtnClose had an invalid file reference.
Line 45: Property PICN in BtnClose had an invalid file reference.
Line 92: Property MICON in BtnStock had an invalid file reference.
Line 93: Property PICN in BtnStock had an invalid file reference.
Line 132: Property MICON in Button1 had an invalid file reference.
Line 133: Property PICN in Button1 had an invalid file reference.
Line 172: Property MICON in BtnBillSales had an invalid file reference.
Line 173: Property PICN in BtnBillSales had an invalid file reference.
Line 212: Property MICON in BtnDaybook had an invalid file reference.
Line 213: Property PICN in BtnDaybook had an invalid file reference.
Line 227: Property Picture in Image1 had an invalid file reference.
Line 44: Property MICON in BtnClose had an invalid file reference.
Line 45: Property PICN in BtnClose had an invalid file reference.
Line 92: Property MICON in BtnStock had an invalid file reference.
Line 93: Property PICN in BtnStock had an invalid file reference.
Line 132: Property MICON in Button1 had an invalid file reference.
Line 133: Property PICN in Button1 had an invalid file reference.
Line 172: Property MICON in BtnBillSales had an invalid file reference.
Line 173: Property PICN in BtnBillSales had an invalid file reference.
Line 212: Property MICON in BtnDaybook had an invalid file reference.
Line 213: Property PICN in BtnDaybook had an invalid file reference.
Line 227: Property Picture in Image1 had an invalid file reference.
